Starting Dynare (version 6.5).
Calling Dynare with arguments: none
Starting preprocessing of the model file ... 
Found 61 equation(s). 
Evaluating expressions... 
Computing static model derivatives (order 1). 
Normalizing the static model... 
Finding the optimal block decomposition of the static model... 
17 block(s) found: 
  16 recursive block(s) and 1 simultaneous block(s). 
  the largest simultaneous block has 30 equation(s) 
                                 and 30 feedback variable(s). 
Computing dynamic model derivatives (order 1). 
Normalizing the dynamic model... 
Finding the optimal block decomposition of the dynamic model... 
16 block(s) found: 
  15 recursive block(s) and 1 simultaneous block(s). 
  the largest simultaneous block has 30 equation(s) 
                                 and 26 feedback variable(s). 
Preprocessing completed. 
Preprocessing time: 0h00m00s.


Residuals of the static equations:
Equation number  1: FOC c                                      :       0.000000
Equation number  2: lb_F                                       :       0.000000
Equation number  3: Euler equation                             :       0.000000
Equation number  4: 4                                          :       0.000000
Equation number  5: Labor Supply                               :       0.000000
Equation number  6: 6                                          :       0.000000
Equation number  7: NKPC                                       :       0.000000
Equation number  8: 8                                          :       0.000000
Equation number  9: FOC h                                      :       0.000000
Equation number 10: varrho_F                                   :       0.000000
Equation number 11: Production function                        :       0.000000
Equation number 12: y_F                                        :       0.000000
Equation number 13: CES price index                            :       0.000000
Equation number 14: 14                                         :       0.000000
Equation number 15: Relative price                             :       0.000000
Equation number 16: 16                                         :       0.000000
Equation number 17: Total emissions                            :       0.000000
Equation number 18: e_F                                        :       0.000000
Equation number 19: FOC mu                                     :       0.000000
Equation number 20: 20                                         :       0.000000
Equation number 21: FOC y                                      :       0.000000
Equation number 22: 22                                         :       0.000000
Equation number 23: Resources constraint                       :       0.000000
Equation number 24: 24                                         :       0.000000
Equation number 25: Monetary Policy Rule                       :       0.000000
Equation number 26: r_F                                        :       0.000000
Equation number 27: Public spending                            :       0.000000
Equation number 28: g_F                                        :       0.000000
Equation number 29: Carbon tax                                 :       0.000000
Equation number 30: tau_F                                      :       0.000000
Equation number 31: Net Foreign assets accumulation            :       0.000000
Equation number 32: International financial markets accounting :       0.000000
Equation number 33: Nominal exchange rate growth               :       0.000000
Equation number 34: Real exchange rate                         :       0.000000
Equation number 35: Exports                                    :       0.000000
Equation number 36: ex_F                                       :       0.000000
Equation number 37: measurement GDP                            :       0.000000
Equation number 38: gy_F_obs                                   :       0.000000
Equation number 39: measurement consumption                    :       0.000000
Equation number 40: gc_F_obs                                   :       0.000000
Equation number 41: measurement inflation                      :       0.000000
Equation number 42: pi_F_obs                                   :       0.000000
Equation number 43: measurement interest rate                  :       0.000000
Equation number 44: r_F_obs                                    :       0.000000
Equation number 45: measurement nominal exchange rate change   :       0.000000
Equation number 46: measurement real exchange rate change      :       0.000000
Equation number 47: measurement exports change                 :       0.000000
Equation number 48: ex_F_obs                                   :       0.000000
Equation number 49: Country specific shocks                    :       0.000000
Equation number 50: 50                                         :       0.000000
Equation number 51: 51                                         :       0.000000
Equation number 52: 52                                         :       0.000000
Equation number 53: 53                                         :       0.000000
Equation number 54: 54                                         :       0.000000
Equation number 55: 55                                         :       0.000000
Equation number 56: 56                                         :       0.000000
Equation number 57: 57                                         :       0.000000
Equation number 58: 58                                         :       0.000000
Equation number 59: 59                                         :       0.000000
Equation number 60: 60                                         :       0.000000
Equation number 61: 61                                         :       0.000000



EIGENVALUES:
         Modulus             Real        Imaginary
               0                0                0
               0                0                0
               0                0                0
               0                0                0
       2.752e-16        2.752e-16                0
       8.461e-16       -8.461e-16                0
       2.064e-15       -2.064e-15                0
             0.1              0.1                0
             0.4              0.4                0
             0.4              0.4                0
             0.4              0.4                0
             0.4              0.4                0
             0.4              0.4                0
             0.4              0.4                0
             0.4              0.4                0
          0.5289           0.5289                0
          0.5478           0.5175           0.1796
          0.5478           0.5175          -0.1796
          0.6574           0.6444           0.1301
          0.6574           0.6444          -0.1301
             0.8              0.8                0
            0.95             0.95                0
            0.95             0.95                0
            0.95             0.95                0
            0.95             0.95                0
           1.111            1.111                0
           1.116            1.116          0.01084
           1.116            1.116         -0.01084
           1.377            1.377                0
           1.568            1.568                0
       1.422e+16       -1.422e+16                0
       3.393e+16       -3.393e+16                0
        8.42e+16        -8.42e+16                0
       3.249e+17        3.249e+17                0
       3.742e+17        3.742e+17                0
             Inf             -Inf                0

There are 11 eigenvalue(s) larger than 1 in modulus for 11 forward-looking variable(s)
The rank condition is verified.

[Warning: Some of the parameters have no value (chi_H, chi_F, phi_H, phi_F, A, psi) when using stoch_simul. If these parameters are not initialized in a steadystate
file or a steady_state_model-block, Dynare may not be able to solve the model. Note that simul, perfect_foresight_setup, and perfect_foresight_solver do not
automatically call the steady state file.] 

MODEL SUMMARY

  Number of variables:         61
  Number of stochastic shocks: 13
  Number of state variables:   25
  Number of jumpers:           11
  Number of static variables:  29


MATRIX OF COVARIANCE OF EXOGENOUS SHOCKS
Variables     eta_z_H   eta_p_H   eta_r_H   eta_x_H   eta_z_F   eta_p_F   eta_r_F   eta_x_F     eta_e   eta_t_H   eta_t_F   eta_g_H   eta_g_F
eta_z_H      0.000100  0.000000  0.000000  0.000000  0.000000  0.000000  0.000000  0.000000  0.000000  0.000000  0.000000  0.000000  0.000000
eta_p_H      0.000000  0.000100  0.000000  0.000000  0.000000  0.000000  0.000000  0.000000  0.000000  0.000000  0.000000  0.000000  0.000000
eta_r_H      0.000000  0.000000  0.000100  0.000000  0.000000  0.000000  0.000000  0.000000  0.000000  0.000000  0.000000  0.000000  0.000000
eta_x_H      0.000000  0.000000  0.000000  0.000100  0.000000  0.000000  0.000000  0.000000  0.000000  0.000000  0.000000  0.000000  0.000000
eta_z_F      0.000000  0.000000  0.000000  0.000000  0.000000  0.000000  0.000000  0.000000  0.000000  0.000000  0.000000  0.000000  0.000000
eta_p_F      0.000000  0.000000  0.000000  0.000000  0.000000  0.000000  0.000000  0.000000  0.000000  0.000000  0.000000  0.000000  0.000000
eta_r_F      0.000000  0.000000  0.000000  0.000000  0.000000  0.000000  0.000000  0.000000  0.000000  0.000000  0.000000  0.000000  0.000000
eta_x_F      0.000000  0.000000  0.000000  0.000000  0.000000  0.000000  0.000000  0.000000  0.000000  0.000000  0.000000  0.000000  0.000000
eta_e        0.000000  0.000000  0.000000  0.000000  0.000000  0.000000  0.000000  0.000000  0.000100  0.000000  0.000000  0.000000  0.000000
eta_t_H      0.000000  0.000000  0.000000  0.000000  0.000000  0.000000  0.000000  0.000000  0.000000  0.000000  0.000000  0.000000  0.000000
eta_t_F      0.000000  0.000000  0.000000  0.000000  0.000000  0.000000  0.000000  0.000000  0.000000  0.000000  0.000000  0.000000  0.000000
eta_g_H      0.000000  0.000000  0.000000  0.000000  0.000000  0.000000  0.000000  0.000000  0.000000  0.000000  0.000000  0.000000  0.000000
eta_g_F      0.000000  0.000000  0.000000  0.000000  0.000000  0.000000  0.000000  0.000000  0.000000  0.000000  0.000000  0.000000  0.000000

POLICY AND TRANSITION FUNCTIONS
                                 y_H             y_F             c_H             c_F            pi_H            pi_F             r_H             r_F             rer            ex_H            ex_F
Constant                   62.500000       62.500000       39.279901       39.721249        1.005000        1.005000        1.011066        1.011066        1.000000        1.048641        0.942718
r_H(-1)                   -51.766537       15.385002      -14.978633       -1.646756       -0.856189        0.044150        0.499995        0.039770       -1.716035       -3.872208        3.024899
p_H(-1)                   -46.172135       21.525109       -2.941858       -3.539894       -0.450732        0.090595        0.112016        0.065291       -2.468862       -5.601857        4.798517
NFA_H(-1)                  -0.605081        0.357691        0.062396       -0.066458       -0.002875        0.001684       -0.001768        0.001145       -0.041446       -0.094227        0.083238
r_F(-1)                   113.222508     -107.692641      -11.137692      -13.010159        0.510706       -1.236344        0.324811        0.299577        7.869406       17.214364      -15.787446
p_F(-1)                    32.973981      -34.947196       -3.196371       -6.026123        0.146344       -0.441064        0.094068        0.132414        2.301849        4.976683       -4.616449
rer(-1)                   -26.544858       15.691887        2.737289       -2.915527       -0.126108        0.073856       -0.077557        0.050212       -1.818228       -4.133710        3.651626
e_z_H(-1)                  18.998545       -3.414096        7.364207        0.746558       -0.391123       -0.020172       -0.106098       -0.013039        0.458354        1.042367       -0.727231
e_p_H(-1)                  -5.429753        0.975743       -2.104678       -0.213365        0.111782        0.005765        0.030323        0.003727       -0.130997       -0.297907        0.207842
e_r_H(-1)                 -39.314033       11.503255      -11.498718       -1.280659       -0.752195        0.035766        0.146036        0.030689       -1.291794       -2.915997        2.271724
e_x_H(-1)                   0.060464        0.868895       -0.005921       -0.065506        0.000279        0.003665        0.000183        0.001183        0.004576        0.427936       -0.009166
e_t_H(-1)                   9.326872        0.480380       -0.518188       -0.059751        0.048718        0.001843        0.015146        0.001403       -0.055054       -0.124411        0.096141
e_g_H(-1)                   7.074100        0.294500       -0.317127       -0.036540        0.028704        0.001125        0.009154        0.000858       -0.033735       -0.076232        0.058921
e_z_F(-1)                   1.083459       17.581794        0.281927       11.076073        0.003526       -0.402553        0.000620       -0.118204       -0.032011        0.220987        0.069899
e_p_F(-1)                  -0.320753       -5.205002       -0.083463       -3.279016       -0.001044        0.119174       -0.000183        0.034994        0.009477       -0.065422       -0.020693
e_r_F(-1)                  67.755898      -71.047136       -6.663289      -11.849873        0.306065       -0.997646        0.195012        0.025728        4.735194       10.252095       -9.498728
e_x_F(-1)                   0.530475        0.623137        0.036784       -0.116940        0.001275        0.002991       -0.000939        0.002020       -0.072791       -0.165495        0.521530
e_t_F(-1)                   0.738993        9.074495       -0.072338       -0.865986        0.003418        0.050221        0.002242        0.015839        0.056339        0.102840       -0.112849
e_g_F(-1)                   1.225940       12.258625       -0.176887       -1.845127        0.007258        0.073956        0.004350        0.022890        0.101279        0.177257       -0.203988
e_e(-1)                     1.413020       -0.871774       -0.063765        0.078677        0.002665       -0.001879        0.002771       -0.001962        0.089793        0.202419       -0.178621
c_H(-1)                     0.933631        0.050382        0.627510       -0.004286        0.005133        0.000269        0.001672        0.000110       -0.001474       -0.003401        0.017966
c_F(-1)                     0.067230        0.791917       -0.004883        0.517964        0.000349        0.004007        0.000138        0.001321        0.001143        0.016225       -0.002372
eta_z_H                    19.998468       -3.593785        7.751796        0.785851       -0.411709       -0.021233       -0.111682       -0.013725        0.482478        1.097228       -0.765507
eta_p_H                    -5.715529        1.027098       -2.215451       -0.224595        0.117666        0.006068        0.031918        0.003923       -0.137892       -0.313586        0.218781
eta_r_H                   -98.285083       28.758139      -28.746795       -3.201648       -1.880489        0.089416        0.365089        0.076724       -3.229486       -7.289994        5.679309
eta_x_H                     0.151159        2.172238       -0.014803       -0.163766        0.000698        0.009164        0.000457        0.002957        0.011439        1.069839       -0.022915
eta_z_F                     1.140483       18.507151        0.296766       11.659024        0.003711       -0.423740        0.000652       -0.124425       -0.033696        0.232618        0.073577
eta_p_F                    -0.337634       -5.478950       -0.087856       -3.451596       -0.001099        0.125446       -0.000193        0.036835        0.009975       -0.068865       -0.021782
eta_r_F                   169.389744     -177.617841      -16.658224      -29.624682        0.765162       -2.494115        0.487530        0.064320       11.837984       25.630238      -23.746819
eta_x_F                     1.326187        1.557844        0.091961       -0.292350        0.003188        0.007479       -0.002346        0.005050       -0.181978       -0.413738        1.303824
eta_e                      14.130198       -8.717742       -0.637650        0.786767        0.026653       -0.018795        0.027715       -0.019618        0.897929        2.024185       -1.786210
eta_t_H                    23.317181        1.200951       -1.295470       -0.149378        0.121794        0.004609        0.037866        0.003507       -0.137634       -0.311027        0.240353
eta_t_F                     1.847482       22.686239       -0.180846       -2.164966        0.008546        0.125551        0.005605        0.039596        0.140848        0.257099       -0.282123
eta_g_H                    17.685251        0.736250       -0.792817       -0.091350        0.071759        0.002813        0.022886        0.002145       -0.084337       -0.190581        0.147304
eta_g_F                     1.532425       15.323282       -0.221108       -2.306408        0.009072        0.092446        0.005437        0.028613        0.126598        0.221571       -0.254985


THEORETICAL MOMENTS
VARIABLE         MEAN  STD. DEV.   VARIANCE
y_H           62.5000     2.1336     4.5521
y_F           62.5000     0.3236     0.1047
c_H           39.2799     1.2018     1.4443
c_F           39.7212     0.0697     0.0049
pi_H           1.0050     0.0249     0.0006
pi_F           1.0050     0.0012     0.0000
r_H            1.0111     0.0083     0.0001
r_F            1.0111     0.0010     0.0000
rer            1.0000     0.0382     0.0015
ex_H           1.0486     0.0874     0.0076
ex_F           0.9427     0.0713     0.0051



VARIANCE DECOMPOSITION (in percent)
        eta_z_H  eta_p_H  eta_r_H  eta_x_H  eta_z_F  eta_p_F  eta_r_F  eta_x_F    eta_e  eta_t_H  eta_t_F  eta_g_H  eta_g_F
y_H       51.00     4.17    44.33     0.00     0.00     0.00     0.00     0.00     0.50     0.00     0.00     0.00     0.00
y_F        2.24     0.18    88.78     0.48     0.00     0.00     0.00     0.00     8.31     0.00     0.00     0.00     0.00
c_H       58.17     4.75    37.07     0.00     0.00     0.00     0.00     0.00     0.01     0.00     0.00     0.00     0.00
c_F       11.51     0.94    83.95     0.32     0.00     0.00     0.00     0.00     3.28     0.00     0.00     0.00     0.00
pi_H       5.89     0.48    93.60     0.00     0.00     0.00     0.00     0.00     0.03     0.00     0.00     0.00     0.00
pi_F       4.27     0.35    89.30     0.69     0.00     0.00     0.00     0.00     5.39     0.00     0.00     0.00     0.00
r_H       45.91     3.75    50.18     0.00     0.00     0.00     0.00     0.00     0.16     0.00     0.00     0.00     0.00
r_F        5.99     0.49    88.11     0.18     0.00     0.00     0.00     0.00     5.23     0.00     0.00     0.00     0.00
rer        6.82     0.56    86.17     0.00     0.00     0.00     0.00     0.00     6.45     0.00     0.00     0.00     0.00
ex_H       6.78     0.55    84.60     1.79     0.00     0.00     0.00     0.00     6.27     0.00     0.00     0.00     0.00
ex_F       5.10     0.42    87.14     0.00     0.00     0.00     0.00     0.00     7.34     0.00     0.00     0.00     0.00



MATRIX OF CORRELATIONS
Variables        y_H      y_F      c_H      c_F     pi_H     pi_F      r_H      r_F      rer     ex_H     ex_F
y_H           1.0000  -0.4167   0.9583   0.3243   0.4982  -0.1512  -0.9723  -0.3892   0.5819   0.5740  -0.2267
y_F          -0.4167   1.0000  -0.1473  -0.6568  -0.6209   0.8696   0.4036   0.9490  -0.9609  -0.9413   0.9546
c_H           0.9583  -0.1473   1.0000   0.1019   0.3550   0.0861  -0.9204  -0.1130   0.3251   0.3190   0.0612
c_F           0.3243  -0.6568   0.1019   1.0000   0.3729  -0.3878  -0.4499  -0.8445   0.7788   0.7749  -0.7808
pi_H          0.4982  -0.6209   0.3550   0.3729   1.0000  -0.2635  -0.5207  -0.5272   0.6394   0.6310  -0.5313
pi_F         -0.1512   0.8696   0.0861  -0.3878  -0.2635   1.0000   0.0924   0.7800  -0.7480  -0.7281   0.8243
r_H          -0.9723   0.4036  -0.9204  -0.4499  -0.5207   0.0924   1.0000   0.4302  -0.5970  -0.5911   0.2580
r_F          -0.3892   0.9490  -0.1130  -0.8445  -0.5272   0.7800   0.4302   1.0000  -0.9656  -0.9536   0.9734
rer           0.5819  -0.9609   0.3251   0.7788   0.6394  -0.7480  -0.5970  -0.9656   1.0000   0.9914  -0.9240
ex_H          0.5740  -0.9413   0.3190   0.7749   0.6310  -0.7281  -0.5911  -0.9536   0.9914   1.0000  -0.9175
ex_F         -0.2267   0.9546   0.0612  -0.7808  -0.5313   0.8243   0.2580   0.9734  -0.9240  -0.9175   1.0000



COEFFICIENTS OF AUTOCORRELATION
Order           1        2        3        4        5
y_H        0.8635   0.7496   0.6574   0.5845   0.5273
y_F        0.1717  -0.1094  -0.1618  -0.1306  -0.0828
c_H        0.9563   0.8750   0.7856   0.7025   0.6311
c_F        0.7673   0.4144   0.1149  -0.0763  -0.1671
pi_H       0.6308   0.3846   0.2288   0.1343   0.0791
pi_F       0.0636  -0.1930  -0.1924  -0.1226  -0.0574
r_H        0.8633   0.6787   0.5316   0.4324   0.3703
r_F        0.4066   0.0283  -0.1518  -0.1989  -0.1777
rer        0.3362   0.0326  -0.0874  -0.1139  -0.0993
ex_H       0.3454   0.0403  -0.0840  -0.1144  -0.1021
ex_F       0.3255   0.0162  -0.1081  -0.1371  -0.1230
[Warning: Exported image displays axes toolbar. To remove axes toolbar from image, export again.] 
Total computing time : 0h00m17s
Note: warning(s) encountered in MATLAB/Octave code
